2021-03-31 00:21:15.985  INFO 21304 --- [main] com.example.demo.SareetaApplication      : Starting SareetaApplication on DESKTOP-E26S7A6 with PID 21304 (C:\Users\zezoz\Udacity\nd035-c4-Security-and-DevOps\starter_code\target\classes started by zezoz in C:\Users\zezoz\Udacity\nd035-c4-Security-and-DevOps)
2021-03-31 00:21:15.993  INFO 21304 --- [main] com.example.demo.SareetaApplication      : No active profile set, falling back to default profiles: default
2021-03-31 00:21:16.516  INFO 21304 --- [main] .s.d.r.c.RepositoryConfigurationDelegate : Bootstrapping Spring Data repositories in DEFAULT mode.
2021-03-31 00:21:16.573  INFO 21304 --- [main] .s.d.r.c.RepositoryConfigurationDelegate : Finished Spring Data repository scanning in 49ms. Found 4 repository interfaces.
2021-03-31 00:21:17.048  INFO 21304 --- [main] trationDelegate$BeanPostProcessorChecker : Bean 'org.springframework.transaction.annotation.ProxyTransactionManagementConfiguration' of type [org.springframework.transaction.annotation.ProxyTransactionManagementConfiguration$$EnhancerBySpringCGLIB$$89bff27] is not eligible for getting processed by all BeanPostProcessors (for example: not eligible for auto-proxying)
2021-03-31 00:21:17.359  INFO 21304 --- [main] o.s.b.w.embedded.tomcat.TomcatWebServer  : Tomcat initialized with port(s): 8080 (http)
2021-03-31 00:21:17.386  INFO 21304 --- [main] o.apache.catalina.core.StandardService   : Starting service [Tomcat]
2021-03-31 00:21:17.386  INFO 21304 --- [main] org.apache.catalina.core.StandardEngine  : Starting Servlet engine: [Apache Tomcat/9.0.19]
2021-03-31 00:21:17.546  INFO 21304 --- [main] o.a.c.c.C.[Tomcat].[localhost].[/]       : Initializing Spring embedded WebApplicationContext
2021-03-31 00:21:17.546  INFO 21304 --- [main] o.s.web.context.ContextLoader            : Root WebApplicationContext: initialization completed in 1507 ms
2021-03-31 00:21:17.722  INFO 21304 --- [main] com.zaxxer.hikari.HikariDataSource       : HikariPool-1 - Starting...
2021-03-31 00:21:17.896  INFO 21304 --- [main] com.zaxxer.hikari.HikariDataSource       : HikariPool-1 - Start completed.
2021-03-31 00:21:17.961  INFO 21304 --- [main] o.hibernate.jpa.internal.util.LogHelper  : HHH000204: Processing PersistenceUnitInfo [
	name: default
	...]
2021-03-31 00:21:18.056  INFO 21304 --- [main] org.hibernate.Version                    : HHH000412: Hibernate Core {5.3.10.Final}
2021-03-31 00:21:18.057  INFO 21304 --- [main] org.hibernate.cfg.Environment            : HHH000206: hibernate.properties not found
2021-03-31 00:21:18.228  INFO 21304 --- [main] o.hibernate.annotations.common.Version   : HCANN000001: Hibernate Commons Annotations {5.0.4.Final}
2021-03-31 00:21:18.377  INFO 21304 --- [main] org.hibernate.dialect.Dialect            : HHH000400: Using dialect: org.hibernate.dialect.H2Dialect
2021-03-31 00:21:19.005  INFO 21304 --- [main] j.LocalContainerEntityManagerFactoryBean : Initialized JPA EntityManagerFactory for persistence unit 'default'
2021-03-31 00:21:19.582  WARN 21304 --- [main] aWebConfiguration$JpaWebMvcConfiguration : spring.jpa.open-in-view is enabled by default. Therefore, database queries may be performed during view rendering. Explicitly configure spring.jpa.open-in-view to disable this warning
2021-03-31 00:21:19.650  INFO 21304 --- [main] o.s.s.web.DefaultSecurityFilterChain     : Creating filter chain: any request, [org.springframework.security.web.context.request.async.WebAsyncManagerIntegrationFilter@3c271988, org.springframework.security.web.context.SecurityContextPersistenceFilter@1ca0aa40, org.springframework.security.web.header.HeaderWriterFilter@1dce481b, org.springframework.web.filter.CorsFilter@3aed692d, org.springframework.security.web.authentication.logout.LogoutFilter@233ece92, com.example.demo.security.JWTAuthenticationFilter@4eec5fa6, com.example.demo.security.JWTAuthenticationVerficationFilter@21579b35, org.springframework.security.web.savedrequest.RequestCacheAwareFilter@e1fd2bf, org.springframework.security.web.servletapi.SecurityContextHolderAwareRequestFilter@2699b656, org.springframework.security.web.authentication.AnonymousAuthenticationFilter@25b83dce, org.springframework.security.web.session.SessionManagementFilter@45753c22, org.springframework.security.web.access.ExceptionTranslationFilter@7e63374b, org.springframework.security.web.access.intercept.FilterSecurityInterceptor@2dbcee03]
2021-03-31 00:21:19.764  INFO 21304 --- [main] o.s.s.concurrent.ThreadPoolTaskExecutor  : Initializing ExecutorService 'applicationTaskExecutor'
2021-03-31 00:21:19.940  INFO 21304 --- [main] o.s.b.w.embedded.tomcat.TomcatWebServer  : Tomcat started on port(s): 8080 (http) with context path ''
2021-03-31 00:21:19.942  INFO 21304 --- [main] com.example.demo.SareetaApplication      : Started SareetaApplication in 4.252 seconds (JVM running for 4.647)
