2021-03-30 22:57:30.539  INFO 11140 --- [main] c.e.d.C.CartControllerTest               : Starting CartControllerTest on DESKTOP-E26S7A6 with PID 11140 (started by zezoz in C:\Users\zezoz\Udacity\nd035-c4-Security-and-DevOps\starter_code)
2021-03-30 22:57:30.543  INFO 11140 --- [main] c.e.d.C.CartControllerTest               : No active profile set, falling back to default profiles: default
2021-03-30 22:57:30.936  INFO 11140 --- [main] .s.d.r.c.RepositoryConfigurationDelegate : Bootstrapping Spring Data repositories in DEFAULT mode.
2021-03-30 22:57:30.987  INFO 11140 --- [main] .s.d.r.c.RepositoryConfigurationDelegate : Finished Spring Data repository scanning in 43ms. Found 4 repository interfaces.
2021-03-30 22:57:31.366  INFO 11140 --- [main] trationDelegate$BeanPostProcessorChecker : Bean 'org.springframework.transaction.annotation.ProxyTransactionManagementConfiguration' of type [org.springframework.transaction.annotation.ProxyTransactionManagementConfiguration$$EnhancerBySpringCGLIB$$99069a5f] is not eligible for getting processed by all BeanPostProcessors (for example: not eligible for auto-proxying)
2021-03-30 22:57:31.516  INFO 11140 --- [main] com.zaxxer.hikari.HikariDataSource       : HikariPool-1 - Starting...
2021-03-30 22:57:31.646  INFO 11140 --- [main] com.zaxxer.hikari.HikariDataSource       : HikariPool-1 - Start completed.
2021-03-30 22:57:31.701  INFO 11140 --- [main] o.hibernate.jpa.internal.util.LogHelper  : HHH000204: Processing PersistenceUnitInfo [
	name: default
	...]
2021-03-30 22:57:31.758  INFO 11140 --- [main] org.hibernate.Version                    : HHH000412: Hibernate Core {5.3.10.Final}
2021-03-30 22:57:31.760  INFO 11140 --- [main] org.hibernate.cfg.Environment            : HHH000206: hibernate.properties not found
2021-03-30 22:57:31.800  INFO 11140 --- [main] o.hibernate.annotations.common.Version   : HCANN000001: Hibernate Commons Annotations {5.0.4.Final}
2021-03-30 22:57:31.940  INFO 11140 --- [main] org.hibernate.dialect.Dialect            : HHH000400: Using dialect: org.hibernate.dialect.H2Dialect
2021-03-30 22:57:32.346  INFO 11140 --- [main] j.LocalContainerEntityManagerFactoryBean : Initialized JPA EntityManagerFactory for persistence unit 'default'
2021-03-30 22:57:32.874  WARN 11140 --- [main] aWebConfiguration$JpaWebMvcConfiguration : spring.jpa.open-in-view is enabled by default. Therefore, database queries may be performed during view rendering. Explicitly configure spring.jpa.open-in-view to disable this warning
2021-03-30 22:57:32.961  INFO 11140 --- [main] o.s.s.web.DefaultSecurityFilterChain     : Creating filter chain: any request, [org.springframework.security.web.context.request.async.WebAsyncManagerIntegrationFilter@495f3965, org.springframework.security.web.context.SecurityContextPersistenceFilter@31dd0e2e, org.springframework.security.web.header.HeaderWriterFilter@1fa44f66, org.springframework.web.filter.CorsFilter@1c06f19c, org.springframework.security.web.authentication.logout.LogoutFilter@744db9fb, com.example.demo.security.JWTAuthenticationFilter@3065efd0, com.example.demo.security.JWTAuthenticationVerficationFilter@7aaf6bfd, org.springframework.security.web.savedrequest.RequestCacheAwareFilter@31028e45, org.springframework.security.web.servletapi.SecurityContextHolderAwareRequestFilter@6c1a6db1, org.springframework.security.web.authentication.AnonymousAuthenticationFilter@4a8bf1dc, org.springframework.security.web.session.SessionManagementFilter@47c356e, org.springframework.security.web.access.ExceptionTranslationFilter@1fe7fa16, org.springframework.security.web.access.intercept.FilterSecurityInterceptor@1d57b8f1]
2021-03-30 22:57:33.251  INFO 11140 --- [main] o.s.s.concurrent.ThreadPoolTaskExecutor  : Initializing ExecutorService 'applicationTaskExecutor'
2021-03-30 22:57:33.463  INFO 11140 --- [main] c.e.d.C.CartControllerTest               : Started CartControllerTest in 3.116 seconds (JVM running for 4.12)
2021-03-30 22:57:33.495  INFO 11140 --- [main] c.e.demo.controllers.CartController      : Item Successfully added to cart
2021-03-30 22:57:33.501 ERROR 11140 --- [main] c.e.demo.controllers.CartController      : Request failed.  Cause: User not found
2021-03-30 22:57:33.504  INFO 11140 --- [main] c.e.demo.controllers.CartController      : Item Successfully added to cart
2021-03-30 22:57:33.504  INFO 11140 --- [main] c.e.demo.controllers.CartController      : Successfully removed item from cart
2021-03-30 22:57:33.504  INFO 11140 --- [main] c.e.demo.controllers.CartController      : Successfully removed item from cart
2021-03-30 22:57:33.508  INFO 11140 --- [Thread-2] o.s.s.concurrent.ThreadPoolTaskExecutor  : Shutting down ExecutorService 'applicationTaskExecutor'
2021-03-30 22:57:33.509  INFO 11140 --- [Thread-2] j.LocalContainerEntityManagerFactoryBean : Closing JPA EntityManagerFactory for persistence unit 'default'
2021-03-30 22:57:33.510  INFO 11140 --- [Thread-2] com.zaxxer.hikari.HikariDataSource       : HikariPool-1 - Shutdown initiated...
2021-03-30 22:57:33.512  INFO 11140 --- [Thread-2] com.zaxxer.hikari.HikariDataSource       : HikariPool-1 - Shutdown completed.
2021-03-30 22:57:38.039  INFO 9832 --- [main] c.e.d.C.ItemControllerTest               : Starting ItemControllerTest on DESKTOP-E26S7A6 with PID 9832 (started by zezoz in C:\Users\zezoz\Udacity\nd035-c4-Security-and-DevOps\starter_code)
2021-03-30 22:57:38.040  INFO 9832 --- [main] c.e.d.C.ItemControllerTest               : No active profile set, falling back to default profiles: default
2021-03-30 22:57:38.458  INFO 9832 --- [main] .s.d.r.c.RepositoryConfigurationDelegate : Bootstrapping Spring Data repositories in DEFAULT mode.
2021-03-30 22:57:38.503  INFO 9832 --- [main] .s.d.r.c.RepositoryConfigurationDelegate : Finished Spring Data repository scanning in 39ms. Found 4 repository interfaces.
2021-03-30 22:57:38.857  INFO 9832 --- [main] trationDelegate$BeanPostProcessorChecker : Bean 'org.springframework.transaction.annotation.ProxyTransactionManagementConfiguration' of type [org.springframework.transaction.annotation.ProxyTransactionManagementConfiguration$$EnhancerBySpringCGLIB$$28719804] is not eligible for getting processed by all BeanPostProcessors (for example: not eligible for auto-proxying)
2021-03-30 22:57:39.002  INFO 9832 --- [main] com.zaxxer.hikari.HikariDataSource       : HikariPool-1 - Starting...
2021-03-30 22:57:39.137  INFO 9832 --- [main] com.zaxxer.hikari.HikariDataSource       : HikariPool-1 - Start completed.
2021-03-30 22:57:39.191  INFO 9832 --- [main] o.hibernate.jpa.internal.util.LogHelper  : HHH000204: Processing PersistenceUnitInfo [
	name: default
	...]
2021-03-30 22:57:39.243  INFO 9832 --- [main] org.hibernate.Version                    : HHH000412: Hibernate Core {5.3.10.Final}
2021-03-30 22:57:39.245  INFO 9832 --- [main] org.hibernate.cfg.Environment            : HHH000206: hibernate.properties not found
2021-03-30 22:57:39.279  INFO 9832 --- [main] o.hibernate.annotations.common.Version   : HCANN000001: Hibernate Commons Annotations {5.0.4.Final}
2021-03-30 22:57:39.414  INFO 9832 --- [main] org.hibernate.dialect.Dialect            : HHH000400: Using dialect: org.hibernate.dialect.H2Dialect
2021-03-30 22:57:39.832  INFO 9832 --- [main] j.LocalContainerEntityManagerFactoryBean : Initialized JPA EntityManagerFactory for persistence unit 'default'
2021-03-30 22:57:40.348  WARN 9832 --- [main] aWebConfiguration$JpaWebMvcConfiguration : spring.jpa.open-in-view is enabled by default. Therefore, database queries may be performed during view rendering. Explicitly configure spring.jpa.open-in-view to disable this warning
2021-03-30 22:57:40.435  INFO 9832 --- [main] o.s.s.web.DefaultSecurityFilterChain     : Creating filter chain: any request, [org.springframework.security.web.context.request.async.WebAsyncManagerIntegrationFilter@14fe085b, org.springframework.security.web.context.SecurityContextPersistenceFilter@3fa57aa8, org.springframework.security.web.header.HeaderWriterFilter@2ff62720, org.springframework.web.filter.CorsFilter@1ea19c97, org.springframework.security.web.authentication.logout.LogoutFilter@642ec6, com.example.demo.security.JWTAuthenticationFilter@525b9df4, com.example.demo.security.JWTAuthenticationVerficationFilter@52dd1be2, org.springframework.security.web.savedrequest.RequestCacheAwareFilter@79636080, org.springframework.security.web.servletapi.SecurityContextHolderAwareRequestFilter@7c47b0f8, org.springframework.security.web.authentication.AnonymousAuthenticationFilter@36857d32, org.springframework.security.web.session.SessionManagementFilter@42c9b1ee, org.springframework.security.web.access.ExceptionTranslationFilter@2e20c20b, org.springframework.security.web.access.intercept.FilterSecurityInterceptor@6054ac20]
2021-03-30 22:57:40.724  INFO 9832 --- [main] o.s.s.concurrent.ThreadPoolTaskExecutor  : Initializing ExecutorService 'applicationTaskExecutor'
2021-03-30 22:57:40.913  INFO 9832 --- [main] c.e.d.C.ItemControllerTest               : Started ItemControllerTest in 3.05 seconds (JVM running for 4.021)
2021-03-30 22:57:40.976  INFO 9832 --- [Thread-2] o.s.s.concurrent.ThreadPoolTaskExecutor  : Shutting down ExecutorService 'applicationTaskExecutor'
2021-03-30 22:57:40.978  INFO 9832 --- [Thread-2] j.LocalContainerEntityManagerFactoryBean : Closing JPA EntityManagerFactory for persistence unit 'default'
2021-03-30 22:57:40.979  INFO 9832 --- [Thread-2] com.zaxxer.hikari.HikariDataSource       : HikariPool-1 - Shutdown initiated...
2021-03-30 22:57:40.981  INFO 9832 --- [Thread-2] com.zaxxer.hikari.HikariDataSource       : HikariPool-1 - Shutdown completed.
2021-03-30 22:57:53.829  INFO 12160 --- [main] c.e.d.C.UserControllerTest               : Starting UserControllerTest on DESKTOP-E26S7A6 with PID 12160 (started by zezoz in C:\Users\zezoz\Udacity\nd035-c4-Security-and-DevOps\starter_code)
2021-03-30 22:57:53.830  INFO 12160 --- [main] c.e.d.C.UserControllerTest               : No active profile set, falling back to default profiles: default
2021-03-30 22:57:54.207  INFO 12160 --- [main] .s.d.r.c.RepositoryConfigurationDelegate : Bootstrapping Spring Data repositories in DEFAULT mode.
2021-03-30 22:57:54.251  INFO 12160 --- [main] .s.d.r.c.RepositoryConfigurationDelegate : Finished Spring Data repository scanning in 39ms. Found 4 repository interfaces.
2021-03-30 22:57:54.606  INFO 12160 --- [main] trationDelegate$BeanPostProcessorChecker : Bean 'org.springframework.transaction.annotation.ProxyTransactionManagementConfiguration' of type [org.springframework.transaction.annotation.ProxyTransactionManagementConfiguration$$EnhancerBySpringCGLIB$$c81e188e] is not eligible for getting processed by all BeanPostProcessors (for example: not eligible for auto-proxying)
2021-03-30 22:57:54.746  INFO 12160 --- [main] com.zaxxer.hikari.HikariDataSource       : HikariPool-1 - Starting...
2021-03-30 22:57:54.880  INFO 12160 --- [main] com.zaxxer.hikari.HikariDataSource       : HikariPool-1 - Start completed.
2021-03-30 22:57:54.938  INFO 12160 --- [main] o.hibernate.jpa.internal.util.LogHelper  : HHH000204: Processing PersistenceUnitInfo [
	name: default
	...]
2021-03-30 22:57:54.991  INFO 12160 --- [main] org.hibernate.Version                    : HHH000412: Hibernate Core {5.3.10.Final}
2021-03-30 22:57:54.992  INFO 12160 --- [main] org.hibernate.cfg.Environment            : HHH000206: hibernate.properties not found
2021-03-30 22:57:55.036  INFO 12160 --- [main] o.hibernate.annotations.common.Version   : HCANN000001: Hibernate Commons Annotations {5.0.4.Final}
2021-03-30 22:57:55.171  INFO 12160 --- [main] org.hibernate.dialect.Dialect            : HHH000400: Using dialect: org.hibernate.dialect.H2Dialect
2021-03-30 22:57:55.594  INFO 12160 --- [main] j.LocalContainerEntityManagerFactoryBean : Initialized JPA EntityManagerFactory for persistence unit 'default'
2021-03-30 22:57:56.117  WARN 12160 --- [main] aWebConfiguration$JpaWebMvcConfiguration : spring.jpa.open-in-view is enabled by default. Therefore, database queries may be performed during view rendering. Explicitly configure spring.jpa.open-in-view to disable this warning
2021-03-30 22:57:56.213  INFO 12160 --- [main] o.s.s.web.DefaultSecurityFilterChain     : Creating filter chain: any request, [org.springframework.security.web.context.request.async.WebAsyncManagerIntegrationFilter@647aa45c, org.springframework.security.web.context.SecurityContextPersistenceFilter@3909308c, org.springframework.security.web.header.HeaderWriterFilter@581d5b33, org.springframework.web.filter.CorsFilter@3922b297, org.springframework.security.web.authentication.logout.LogoutFilter@6b32b678, com.example.demo.security.JWTAuthenticationFilter@2d02a066, com.example.demo.security.JWTAuthenticationVerficationFilter@72c1bf75, org.springframework.security.web.savedrequest.RequestCacheAwareFilter@8091d80, org.springframework.security.web.servletapi.SecurityContextHolderAwareRequestFilter@6fafbdac, org.springframework.security.web.authentication.AnonymousAuthenticationFilter@43a8bd35, org.springframework.security.web.session.SessionManagementFilter@44a9971f, org.springframework.security.web.access.ExceptionTranslationFilter@abf1816, org.springframework.security.web.access.intercept.FilterSecurityInterceptor@13dc383b]
2021-03-30 22:57:56.504  INFO 12160 --- [main] o.s.s.concurrent.ThreadPoolTaskExecutor  : Initializing ExecutorService 'applicationTaskExecutor'
2021-03-30 22:57:56.720  INFO 12160 --- [main] c.e.d.C.UserControllerTest               : Started UserControllerTest in 3.043 seconds (JVM running for 4.033)
2021-03-30 22:57:56.757  INFO 12160 --- [main] c.e.demo.controllers.UserController      : Successfully creates a user test
2021-03-30 22:57:56.766  INFO 12160 --- [Thread-2] o.s.s.concurrent.ThreadPoolTaskExecutor  : Shutting down ExecutorService 'applicationTaskExecutor'
2021-03-30 22:57:56.768  INFO 12160 --- [Thread-2] j.LocalContainerEntityManagerFactoryBean : Closing JPA EntityManagerFactory for persistence unit 'default'
2021-03-30 22:57:56.769  INFO 12160 --- [Thread-2] com.zaxxer.hikari.HikariDataSource       : HikariPool-1 - Shutdown initiated...
2021-03-30 22:57:56.770  INFO 12160 --- [Thread-2] com.zaxxer.hikari.HikariDataSource       : HikariPool-1 - Shutdown completed.
